<?xml version="1.0" encoding="UTF-8"?><testsuite name="gameplay_smoke" tests="1" failures="1" errors="0" skipped="0"><testcase classname="gameplay_smoke" name="gameplay_smoke.regression" time="0"><failure message="driver step failed: check" type="runtime_error">{"primaryFailure": {"stepId": "check_logic_mismatch_probe", "category": "logic_state_mismatch", "expected": "logic state should converge to expected key/value", "actual": "check failed: CHECK_FAILED logic_state mismatch for room_clean_status", "artifacts": ["logs/driver_flow.json", "logs/godot.log", "logs/stderr.log"]}, "flowAssertions": {"total": 5, "passed": 4, "failed": 1}}</failure><system-out></system-out></testcase></testsuite>