<?xml version="1.0" encoding="UTF-8"?><testsuite name="gameplay_smoke" tests="1" failures="1" errors="0" skipped="0"><testcase classname="gameplay_smoke" name="gameplay_smoke.regression" time="0"><failure message="driver step failed: wait" type="runtime_error">{"runtimeErrors": ["ERROR: [TestFault] build_confirm_assert_once triggered", "at: push_error (core/variant/variant_utility.cpp:1024)", "SCRIPT ERROR: Assertion failed: [TestFault] build_confirm_assert_once triggered"], "primaryFailure": {"stepId": "wait_build_started_should_fail", "category": "wait_timeout", "expected": "wait condition should be satisfied within timeout", "actual": "wait failed: TIMEOUT wait condition timeout", "artifacts": ["logs/driver_flow.json", "logs/godot.log", "logs/stderr.log"]}, "flowAssertions": {"total": 16, "passed": 15, "failed": 1}}</failure><system-out>ERROR: [TestFault] build_confirm_assert_once triggered
at: push_error (core/variant/variant_utility.cpp:1024)
SCRIPT ERROR: Assertion failed: [TestFault] build_confirm_assert_once triggered</system-out></testcase></testsuite>