<?xml version="1.0" encoding="UTF-8"?><testsuite name="gameplay_smoke" tests="1" failures="1" errors="0" skipped="0"><testcase classname="gameplay_smoke" name="gameplay_smoke.regression" time="0"><failure message="driver flow exception: timeout waiting response seq=9" type="runtime_error">{"runtimeErrors": ["ERROR: 1 RID allocations of type 'N10RendererRD14TextureStorage7TextureE' were leaked at exit.", "ERROR: Parameter \"RenderingServer::get_singleton()\" is null."], "flowAssertions": {"total": 10, "passed": 8, "failed": 2}}</failure><system-out>ERROR: 1 RID allocations of type 'N10RendererRD14TextureStorage7TextureE' were leaked at exit.
ERROR: Parameter "RenderingServer::get_singleton()" is null.</system-out></testcase></testsuite>