<?xml version="1.0" encoding="UTF-8"?><testsuite name="ui_smoke" tests="1" failures="1" errors="0" skipped="0"><testcase classname="ui_smoke" name="ui_smoke.strict_ui" time="0"><failure message="driver step failed: click" type="runtime_error">{"runtimeErrors": ["ERROR: Cannot get path of node as it is not in a scene tree."], "flowAssertions": {"total": 10, "passed": 6, "failed": 4}}</failure><system-out>ERROR: Cannot get path of node as it is not in a scene tree.</system-out></testcase></testsuite>