<?xml version="1.0" encoding="UTF-8"?><testsuite name="gameplay_smoke" tests="1" failures="1" errors="0" skipped="0"><testcase classname="gameplay_smoke" name="gameplay_smoke.regression" time="0"><failure message="driver step failed: click" type="runtime_error">{"primaryFailure": {"stepId": "click_missing_target_probe", "category": "click_target_missing", "expected": "target should exist in scene tree for this step", "actual": "click failed: TARGET_NOT_FOUND click target not found", "artifacts": ["logs/driver_flow.json", "logs/godot.log", "logs/stderr.log"]}, "flowAssertions": {"total": 5, "passed": 4, "failed": 1}}</failure><system-out></system-out></testcase></testsuite>