<?xml version="1.0" encoding="UTF-8"?><testsuite name="ui_smoke" tests="1" failures="1" errors="0" skipped="0"><testcase classname="ui_smoke" name="ui_smoke.strict_ui" time="0"><failure message="test driver did not become ready in time" type="runtime_error">{"runtimeErrors": ["SCRIPT ERROR: Parse Error: Unexpected \"?\" in source. If you want a ternary operator, use \"truthy_value if true_condition else falsy_value\".", "ERROR: Failed to load script \"res://scripts/test/test_driver.gd\" with error \"Parse error\".", "ERROR: Failed to instantiate an autoload, script 'res://scripts/test/test_driver.gd' does not inherit from 'Node'."], "flowAssertions": {"total": 0, "passed": 0, "failed": 0}}</failure><system-out>SCRIPT ERROR: Parse Error: Unexpected "?" in source. If you want a ternary operator, use "truthy_value if true_condition else falsy_value".
ERROR: Failed to load script "res://scripts/test/test_driver.gd" with error "Parse error".
ERROR: Failed to instantiate an autoload, script 'res://scripts/test/test_driver.gd' does not inherit from 'Node'.</system-out></testcase></testsuite>