<?xml version="1.0" encoding="UTF-8"?><testsuite name="gameplay_smoke" tests="1" failures="1" errors="0" skipped="0"><testcase classname="gameplay_smoke" name="gameplay_smoke.regression" time="0"><failure message="driver step failed: check" type="runtime_error">{"primaryFailure": {"stepId": "check_visual_mismatch_probe", "category": "visual_hard_mismatch", "expected": "visual hard rule should match current UI state", "actual": "check failed: CHECK_FAILED expected node visible: non_existing_visual_probe", "artifacts": ["logs/driver_flow.json", "logs/godot.log", "logs/stderr.log"]}, "flowAssertions": {"total": 5, "passed": 4, "failed": 1}}</failure><system-out></system-out></testcase></testsuite>